<?xml version="1.0" encoding="UTF-8"?>
<!-- Generated by org.testng.reporters.JUnitReportReporter -->
<testsuite hostname="LP-468s-MacBook-Pro.local" failures="0" tests="3" name="zopper.TestRunner.TestExecutation" time="86.536" errors="0" timestamp="2023-11-23T17:18:13 IST" skipped="0">
  <testcase classname="zopper.TestRunner.TestExecutation" name="runScenario" time="12.629"/>
  <testcase classname="zopper.TestRunner.TestExecutation" name="runScenario" time="46.170"/>
  <testcase classname="zopper.TestRunner.TestExecutation" name="runScenario" time="27.737"/>
</testsuite> <!-- zopper.TestRunner.TestExecutation -->
